C51 COMPILER V9.54   MAIN                                                                  11/16/2025 14:07:27 PAGE 1   


C51 COMPILER V9.54, COMPILATION OF MODULE MAIN
OBJECT MODULE PLACED IN .\Objects\main.obj
COMPILER INVOKED BY: D:\Keil_v5\C51\BIN\C51.EXE main.c OPTIMIZE(8,SPEED) BROWSE DEBUG OBJECTEXTEND PRINT(.\Listings\main
                    -.lst) TABS(2) OBJECT(.\Objects\main.obj)

line level    source

   1          #include <STC89C5xRC.H>
   2          
   3          void Delay1ms(unsigned int xms) 
   4          {
   5   1      
   6   1        while(xms)
   7   1        {
   8   2            unsigned char data i, j;
   9   2      
  10   2          i = 2;
  11   2          j = 239;
  12   2          do
  13   2          {
  14   3            while (--j);
  15   3          } while (--i);
  16   2          xms--;
  17   2        }
  18   1      }
  19          
  20          void main()
  21          {
  22   1      
  23   1        while (1)
  24   1        {
  25   2          P2=0xFE;//1111 1110
  26   2          Delay1ms(500);
  27   2          P2=0xFD;//1111 1101
  28   2          Delay1ms(500);
  29   2          P2=0xFB;//1111 1011
  30   2          Delay1ms(100);
  31   2          P2=0xF7;//1111 0111
  32   2          Delay1ms(100);
  33   2          P2=0xEF;//1110 1111
  34   2          Delay1ms(100);
  35   2          P2=0xDF;//1101 1111
  36   2          Delay1ms(100);
  37   2          P2=0xBF;//1011 1111
  38   2          Delay1ms(100);
  39   2          P2=0x7F;//0111 1111
  40   2          Delay1ms(100);
  41   2        }
  42   1        
  43   1      }


MODULE INFORMATION:   STATIC OVERLAYABLE
   CODE SIZE        =     86    ----
   CONSTANT SIZE    =   ----    ----
   XDATA SIZE       =   ----    ----
   PDATA SIZE       =   ----    ----
   DATA SIZE        =   ----       2
   IDATA SIZE       =   ----    ----
   BIT SIZE         =   ----    ----
END OF MODULE INFORMATION.

C51 COMPILER V9.54   MAIN                                                                  11/16/2025 14:07:27 PAGE 2   


C51 COMPILATION COMPLETE.  0 WARNING(S),  0 ERROR(S)
