C51 COMPILER V9.54   MAIN                                                                  11/20/2025 18:34:19 PAGE 1   


C51 COMPILER V9.54, COMPILATION OF MODULE MAIN
OBJECT MODULE PLACED IN .\Objects\main.obj
COMPILER INVOKED BY: D:\Keil_v5\C51\BIN\C51.EXE main.c OPTIMIZE(8,SPEED) BROWSE DEBUG OBJECTEXTEND PRINT(.\Listings\main
                    -.lst) OBJECT(.\Objects\main.obj)

line level    source

   1          #include <STC89C5xRC.H>
   2          
   3          
   4          void Uart_Init()        //4800bps@11.0592MHz
   5          {
   6   1              PCON &= 0x7F;           //波特率不倍速
   7   1              SCON = 0x50;            //8位数据,可变波特率
   8   1              
   9   1              TMOD &= 0x0F;           //设置定时器模式
  10   1              TMOD |= 0x20;           //设置定时器模式
  11   1              TL1 = 0xF4;                     //设置定时初始值
  12   1              TH1 = 0xF4;                     //设置定时重载值
  13   1              ET1 = 0;                        //禁止定时器中断
  14   1              TR1 = 1;                        //定时器1开始计时
  15   1      }
  16          
  17          void UART_SenfByte(unsigned char Byte)
  18          {
  19   1              SBUF=Byte;
  20   1              while(TI==0);
  21   1              TI=0;
  22   1      
  23   1      }
  24          
  25          void main()
  26          {
  27   1              Uart_Init();
  28   1              UART_SenfByte(0x66);
  29   1              while(1)
  30   1              {
  31   2      
  32   2              }
  33   1      
  34   1      }
  35          


MODULE INFORMATION:   STATIC OVERLAYABLE
   CODE SIZE        =     41    ----
   CONSTANT SIZE    =   ----    ----
   XDATA SIZE       =   ----    ----
   PDATA SIZE       =   ----    ----
   DATA SIZE        =   ----    ----
   IDATA SIZE       =   ----    ----
   BIT SIZE         =   ----    ----
END OF MODULE INFORMATION.


C51 COMPILATION COMPLETE.  0 WARNING(S),  0 ERROR(S)
