C51 COMPILER V9.54   MAIN                                                                  11/20/2025 19:02:22 PAGE 1   


C51 COMPILER V9.54, COMPILATION OF MODULE MAIN
OBJECT MODULE PLACED IN .\Objects\main.obj
COMPILER INVOKED BY: D:\Keil_v5\C51\BIN\C51.EXE main.c OPTIMIZE(8,SPEED) BROWSE DEBUG OBJECTEXTEND PRINT(.\Listings\main
                    -.lst) OBJECT(.\Objects\main.obj)

line level    source

   1          #include <STC89C5xRC.H>
   2          
   3          void Delay(unsigned int xms)    
   4          {
   5   1              while(xms)
   6   1              {
   7   2                      unsigned char data i, j;
   8   2      
   9   2                      i = 2;
  10   2                      j = 239;
  11   2                      do
  12   2                      {
  13   3                              while (--j);
  14   3                      } while (--i);
  15   2                      xms--;
  16   2              }
  17   1      }
  18          
  19          void main()
  20          {
  21   1              while(1)
  22   1              {
  23   2                      if(P31==0)
  24   2                      {
  25   3                              Delay(20);
  26   3                              while(P31==1);
  27   3                              Delay(20);
  28   3                              
  29   3                              P20=~P20;
  30   3                      }
  31   2                      
  32   2              }
  33   1      
  34   1      }


MODULE INFORMATION:   STATIC OVERLAYABLE
   CODE SIZE        =     48    ----
   CONSTANT SIZE    =   ----    ----
   XDATA SIZE       =   ----    ----
   PDATA SIZE       =   ----    ----
   DATA SIZE        =   ----       2
   IDATA SIZE       =   ----    ----
   BIT SIZE         =   ----    ----
END OF MODULE INFORMATION.


C51 COMPILATION COMPLETE.  0 WARNING(S),  0 ERROR(S)
