C51 COMPILER V9.54   MAIN                                                                  11/18/2025 18:31:21 PAGE 1   


C51 COMPILER V9.54, COMPILATION OF MODULE MAIN
OBJECT MODULE PLACED IN .\Objects\main.obj
COMPILER INVOKED BY: D:\Keil_v5\C51\BIN\C51.EXE main.c OPTIMIZE(8,SPEED) BROWSE DEBUG OBJECTEXTEND PRINT(.\Listings\main
                    -.lst) OBJECT(.\Objects\main.obj)

line level    source

   1          #include <STC89C5xRC.H>
   2          #include "LCD1602.h"
   3          #include "DELAY.H"
   4          int str;
   5          void main()
   6          {
   7   1              LCD_Init();
   8   1              //str=1+1;
   9   1              //LCD_ShowNum(1,1,str,3);
  10   1              
  11   1              
  12   1              
  13   1              //LCD_ShowChar(1,1,'A');
  14   1              //LCD_ShowString(1,3,"Hello");
  15   1              //LCD_ShowNum(1,9,123,3);
  16   1              //LCD_ShowSignedNum(1,13,-66,2);
  17   1              //LCD_ShowHexNum(2,1,0xA8,2);
  18   1              //LCD_ShowBinNum(2,4,0xAA,8);
  19   1              
  20   1              
  21   1              while(1)
  22   1              {
  23   2                      str++;
  24   2                      Delay(1000);
  25   2                      LCD_ShowNum(1,1,str,3);
  26   2              }
  27   1      
  28   1      }


MODULE INFORMATION:   STATIC OVERLAYABLE
   CODE SIZE        =     34    ----
   CONSTANT SIZE    =   ----    ----
   XDATA SIZE       =   ----    ----
   PDATA SIZE       =   ----    ----
   DATA SIZE        =      2    ----
   IDATA SIZE       =   ----    ----
   BIT SIZE         =   ----    ----
END OF MODULE INFORMATION.


C51 COMPILATION COMPLETE.  0 WARNING(S),  0 ERROR(S)
