C51 COMPILER V9.54   MAIN                                                                  11/16/2025 16:06:33 PAGE 1   


C51 COMPILER V9.54, COMPILATION OF MODULE MAIN
OBJECT MODULE PLACED IN .\Objects\main.obj
COMPILER INVOKED BY: D:\Keil_v5\C51\BIN\C51.EXE main.c OPTIMIZE(8,SPEED) BROWSE DEBUG OBJECTEXTEND PRINT(.\Listings\main
                    -.lst) OBJECT(.\Objects\main.obj)

line level    source

   1          #include <STC89C5xRC.H>
   2          
   3          void Delay(unsigned int xms)    
   4          {
   5   1              while(xms)
   6   1              {
   7   2                      unsigned char data i, j;
   8   2      
   9   2                      i = 2;
  10   2                      j = 239;
  11   2                      do
  12   2                      {
  13   3                              while (--j);
  14   3                      } while (--i);
  15   2                      xms--;
  16   2              }
  17   1      }
  18          
  19          void main()
  20          {
  21   1              int LEDNum=0;
  22   1              P20=1;
  23   1              while(1)
  24   1              {
  25   2                      if(P31==0)
  26   2                      {
  27   3                              Delay(20);
  28   3                              while(P31==0);
  29   3                              Delay(20);
  30   3                              LEDNum++;
  31   3                              
  32   3                              if(LEDNum>=8)
  33   3                              {
  34   4                                      LEDNum=0;
  35   4                              }
  36   3                              P2=~(0x01<<LEDNum);
  37   3                      }
  38   2                      
  39   2                      if(P30==0)
  40   2                      {
  41   3                              Delay(20);
  42   3                              while(P31==0);
  43   3                              Delay(20);
  44   3                              
  45   3                              
  46   3                              if(LEDNum=0)
*** WARNING C276 IN LINE 46 OF main.c: constant in condition expression
  47   3                              {
  48   4                                      LEDNum=7;
  49   4                              }
  50   3                              LEDNum--;
  51   3                              P2=~(0x01<<LEDNum);
  52   3                      }
  53   2              }
C51 COMPILER V9.54   MAIN                                                                  11/16/2025 16:06:33 PAGE 2   

  54   1      
  55   1      }
  56                  
*** WARNING C294 IN LINE 48 OF main.c: unreachable code


MODULE INFORMATION:   STATIC OVERLAYABLE
   CODE SIZE        =    119    ----
   CONSTANT SIZE    =   ----    ----
   XDATA SIZE       =   ----    ----
   PDATA SIZE       =   ----    ----
   DATA SIZE        =   ----       2
   IDATA SIZE       =   ----    ----
   BIT SIZE         =   ----    ----
END OF MODULE INFORMATION.


C51 COMPILATION COMPLETE.  2 WARNING(S),  0 ERROR(S)
