C51 COMPILER V9.54   MATRIXKEY                                                             11/18/2025 19:44:33 PAGE 1   


C51 COMPILER V9.54, COMPILATION OF MODULE MATRIXKEY
OBJECT MODULE PLACED IN .\Objects\MatrixKey.obj
COMPILER INVOKED BY: D:\Keil_v5\C51\BIN\C51.EXE MatrixKey.c OPTIMIZE(8,SPEED) BROWSE DEBUG OBJECTEXTEND PRINT(.\Listings
                    -\MatrixKey.lst) OBJECT(.\Objects\MatrixKey.obj)

line level    source

   1          #include <STC89C5xRC.H>
   2          #include "Delay.h"
   3          
   4          unsigned char  MatrixKey()
   5          {
   6   1              unsigned char KeyNumber=0;
   7   1              P1=0xFF;
   8   1              P13=0;
   9   1              if(P17==0)
  10   1              {
  11   2                      Delay(20);
  12   2                      while(P17==0);
  13   2                      Delay(20);
  14   2                      KeyNumber=1;
  15   2                      
  16   2              }
  17   1              if(P16==0)
  18   1              {
  19   2                      Delay(20);
  20   2                      while(P16==0);
  21   2                      Delay(20);
  22   2                      KeyNumber=5;
  23   2                      
  24   2              }
  25   1              if(P15==0)
  26   1              {
  27   2                      Delay(20);
  28   2                      while(P15==0);
  29   2                      Delay(20);
  30   2                      KeyNumber=9;
  31   2                      
  32   2              }
  33   1              if(P14==0)
  34   1              {
  35   2                      Delay(20);
  36   2                      while(P14==0);
  37   2                      Delay(20);
  38   2                      KeyNumber=13;
  39   2                      
  40   2              }
  41   1      
  42   1              
  43   1              
  44   1              P1=0xFF;
  45   1              P12=0;
  46   1              if(P17==0)
  47   1              {
  48   2                      Delay(20);
  49   2                      while(P17==0);
  50   2                      Delay(20);
  51   2                      KeyNumber=2;
  52   2                      
  53   2              }
  54   1              if(P16==0)
C51 COMPILER V9.54   MATRIXKEY                                                             11/18/2025 19:44:33 PAGE 2   

  55   1              {
  56   2                      Delay(20);
  57   2                      while(P16==0);
  58   2                      Delay(20);
  59   2                      KeyNumber=6;
  60   2                      
  61   2              }
  62   1              if(P15==0)
  63   1              {
  64   2                      Delay(20);
  65   2                      while(P15==0);
  66   2                      Delay(20);
  67   2                      KeyNumber=10;
  68   2                      
  69   2              }
  70   1              if(P14==0)
  71   1              {
  72   2                      Delay(20);
  73   2                      while(P14==0);
  74   2                      Delay(20);
  75   2                      KeyNumber=14;
  76   2                      
  77   2              }
  78   1              
  79   1              
  80   1              
  81   1              P1=0xFF;
  82   1              P11=0;
  83   1              if(P17==0)
  84   1              {
  85   2                      Delay(20);
  86   2                      while(P17==0);
  87   2                      Delay(20);
  88   2                      KeyNumber=3;
  89   2                      
  90   2              }
  91   1              if(P16==0)
  92   1              {
  93   2                      Delay(20);
  94   2                      while(P16==0);
  95   2                      Delay(20);
  96   2                      KeyNumber=7;
  97   2                      
  98   2              }
  99   1              if(P15==0)
 100   1              {
 101   2                      Delay(20);
 102   2                      while(P15==0);
 103   2                      Delay(20);
 104   2                      KeyNumber=11;
 105   2                      
 106   2              }
 107   1              if(P14==0)
 108   1              {
 109   2                      Delay(20);
 110   2                      while(P14==0);
 111   2                      Delay(20);
 112   2                      KeyNumber=15;
 113   2                      
 114   2              }
 115   1              
 116   1              
C51 COMPILER V9.54   MATRIXKEY                                                             11/18/2025 19:44:33 PAGE 3   

 117   1              
 118   1              P1=0xFF;
 119   1              P10=0;
 120   1              if(P17==0)
 121   1              {
 122   2                      Delay(20);
 123   2                      while(P17==0);
 124   2                      Delay(20);
 125   2                      KeyNumber=4;
 126   2                      
 127   2              }
 128   1              if(P16==0)
 129   1              {
 130   2                      Delay(20);
 131   2                      while(P16==0);
 132   2                      Delay(20);
 133   2                      KeyNumber=8;
 134   2                      
 135   2              }
 136   1              if(P15==0)
 137   1              {
 138   2                      Delay(20);
 139   2                      while(P15==0);
 140   2                      Delay(20);
 141   2                      KeyNumber=12;
 142   2                      
 143   2              }
 144   1              if(P14==0)
 145   1              {
 146   2                      Delay(20);
 147   2                      while(P14==0);
 148   2                      Delay(20);
 149   2                      KeyNumber=16;
 150   2                      
 151   2              }
 152   1              return KeyNumber;
 153   1              
 154   1      }


MODULE INFORMATION:   STATIC OVERLAYABLE
   CODE SIZE        =    393    ----
   CONSTANT SIZE    =   ----    ----
   XDATA SIZE       =   ----    ----
   PDATA SIZE       =   ----    ----
   DATA SIZE        =   ----       1
   IDATA SIZE       =   ----    ----
   BIT SIZE         =   ----    ----
END OF MODULE INFORMATION.


C51 COMPILATION COMPLETE.  0 WARNING(S),  0 ERROR(S)
