C51 COMPILER V9.54   MAIN                                                                  11/16/2025 15:40:19 PAGE 1   


C51 COMPILER V9.54, COMPILATION OF MODULE MAIN
OBJECT MODULE PLACED IN .\Objects\main.obj
COMPILER INVOKED BY: D:\Keil_v5\C51\BIN\C51.EXE main.c OPTIMIZE(8,SPEED) BROWSE DEBUG OBJECTEXTEND PRINT(.\Listings\main
                    -.lst) OBJECT(.\Objects\main.obj)

line level    source

   1          #include <STC89C5xRC.H>
   2          
   3          void Delay(unsigned int xms)    
   4          {
   5   1              while(xms)
   6   1              {
   7   2                      unsigned char data i, j;
   8   2      
   9   2                      i = 2;
  10   2                      j = 239;
  11   2                      do
  12   2                      {
  13   3                              while (--j);
  14   3                      } while (--i);
  15   2                      xms--;
  16   2              }
  17   1      }
  18          
  19          void main()
  20          {
  21   1              unsigned char a=0;
  22   1              while(1)
  23   1              {
  24   2                      if(P31==0)
  25   2                      {
  26   3                              Delay(20);
  27   3                              while(P31==0);
  28   3                              Delay(20);
  29   3                              a++;
  30   3                              P2=~a;
  31   3                      
  32   3                      }
  33   2              }
  34   1              
  35   1      }
  36          //
  37          /*void main()
  38          {
  39                  P2=0xFF;
  40                  while(1)
  41                  {
  42                          if(P31==0)
  43                          {
  44                                  Delay(20);
  45                                  while(P31==0);
  46                                  Delay(20);
  47                                  
  48                                  P2--;
  49                          
  50                          }
  51                  }
  52                  
  53          }*/

C51 COMPILER V9.54   MAIN                                                                  11/16/2025 15:40:19 PAGE 2   


MODULE INFORMATION:   STATIC OVERLAYABLE
   CODE SIZE        =     53    ----
   CONSTANT SIZE    =   ----    ----
   XDATA SIZE       =   ----    ----
   PDATA SIZE       =   ----    ----
   DATA SIZE        =   ----       2
   IDATA SIZE       =   ----    ----
   BIT SIZE         =   ----    ----
END OF MODULE INFORMATION.


C51 COMPILATION COMPLETE.  0 WARNING(S),  0 ERROR(S)
