C51 COMPILER V9.54   MAIN                                                                  11/22/2025 18:53:56 PAGE 1   


C51 COMPILER V9.54, COMPILATION OF MODULE MAIN
OBJECT MODULE PLACED IN .\Objects\main.obj
COMPILER INVOKED BY: D:\Keil_v5\C51\BIN\C51.EXE main.c OPTIMIZE(8,SPEED) BROWSE DEBUG OBJECTEXTEND PRINT(.\Listings\main
                    -.lst) OBJECT(.\Objects\main.obj)

line level    source

   1          #include <STC89C5xRC.H>
   2          #include "LCD1602.h"
   3          #include "DS1302.h"
   4          
   5          
   6          unsigned char Sencond;
   7          
   8          void main()
   9          {
  10   1              LCD_Init();
  11   1              DS1302_Init();
  12   1              LCD_ShowString(1,1,"RST");
  13   1              DS1302_WriteByte(0x80,0x03);
  14   1              
  15   1              while(1)
  16   1              {
  17   2                      Sencond=DS1302_ReadByte(0x81);
  18   2                      LCD_ShowNum(2,1,Sencond,3);
  19   2                      
  20   2              }
  21   1      
  22   1      }


MODULE INFORMATION:   STATIC OVERLAYABLE
   CODE SIZE        =     51    ----
   CONSTANT SIZE    =      4    ----
   XDATA SIZE       =   ----    ----
   PDATA SIZE       =   ----    ----
   DATA SIZE        =      1    ----
   IDATA SIZE       =   ----    ----
   BIT SIZE         =   ----    ----
END OF MODULE INFORMATION.


C51 COMPILATION COMPLETE.  0 WARNING(S),  0 ERROR(S)
