C51 COMPILER V9.54   MAIN                                                                  11/21/2025 18:51:07 PAGE 1   


C51 COMPILER V9.54, COMPILATION OF MODULE MAIN
OBJECT MODULE PLACED IN .\Objects\main.obj
COMPILER INVOKED BY: D:\Keil_v5\C51\BIN\C51.EXE main.c OPTIMIZE(8,SPEED) BROWSE DEBUG OBJECTEXTEND PRINT(.\Listings\main
                    -.lst) OBJECT(.\Objects\main.obj)

line level    source

   1          #include <STC89C5xRC.H>
   2          
   3          #include "MatrixLED.h"
   4          
   5          unsigned char Animation[]={
   6                  0xFF,0x08,0x08,0x08,0xFF,0x00,0x00,0x0E,
   7                  0x15,0x15,0x15,0x08,0x00,0x00,0xFF,0x01,
   8                  0x02,0x00,0x00,0xFF,0x01,0x02,0x00,0x00,
   9                  0x0E,0x11,0x11,0x0E,0x00,0x00,0xF9,0x00,
  10                  0x00,0x00,0x00,0x00,0x00,0x00,0x00,0x00
  11          };
  12          
  13          void main()
  14          {
  15   1              unsigned char i,offset,count=0;
  16   1              void MatrixLED_Init();
  17   1              while(1)
  18   1              {
  19   2                      
  20   2                      for(i=0;i<8;i++)
  21   2                      {
  22   3                              MatrixLED_ShowColumn(i,Animation[i+offset]);    
  23   3                      }
  24   2                      count=count+1;
  25   2                      if(count>20)
  26   2                      {
  27   3                              count=0;
  28   3                              offset=offset+1;
  29   3                              if(offset>32)
  30   3                              {
  31   4                                      offset=0;
  32   4                              }
  33   3                      }
  34   2                      
  35   2              }
  36   1      }


MODULE INFORMATION:   STATIC OVERLAYABLE
   CODE SIZE        =     57    ----
   CONSTANT SIZE    =   ----    ----
   XDATA SIZE       =   ----    ----
   PDATA SIZE       =   ----    ----
   DATA SIZE        =     40       3
   IDATA SIZE       =   ----    ----
   BIT SIZE         =   ----    ----
END OF MODULE INFORMATION.


C51 COMPILATION COMPLETE.  0 WARNING(S),  0 ERROR(S)
