C51 COMPILER V9.54   MATRIXLED                                                             11/21/2025 18:49:42 PAGE 1   


C51 COMPILER V9.54, COMPILATION OF MODULE MATRIXLED
OBJECT MODULE PLACED IN .\Objects\MatrixLED.obj
COMPILER INVOKED BY: D:\Keil_v5\C51\BIN\C51.EXE MatrixLED.c OPTIMIZE(8,SPEED) BROWSE DEBUG OBJECTEXTEND PRINT(.\Listings
                    -\MatrixLED.lst) OBJECT(.\Objects\MatrixLED.obj)

line level    source

   1          #include <STC89C5xRC.H>
   2          #include "DELAY.h"
   3          
   4          sbit RCK=P3^5;
   5          sbit SCK=P3^6;
   6          sbit SEN=P3^4;
   7          
   8          /**
   9            * @brief  点阵屏初始化
  10            * @param  无
  11            * @retval 无
  12            */
  13          
  14          void MatrixLED_Init()
  15          {
  16   1              SCK=0;
  17   1              RCK=0;
  18   1      }
  19          
  20          
  21          
  22          /**
  23            * @brief  75HC595写入一个字节，
  24            * @param  Byte    想要列的那几个发光
  25            * @retval 无
  26            */
  27          void _74HC595_WritByte(unsigned char Byte)
  28          {
  29   1              unsigned char i;
  30   1              for(i=0;i<8;i++)
  31   1              {
  32   2                      SEN=Byte&(0x80>>i);
  33   2                      SCK=1;
  34   2                      SCK=0;
  35   2              }
  36   1              RCK=1;
  37   1              RCK=0;
  38   1      }
  39          
  40          /**
  41            * @brief  LED点阵屏的一组数据
  42            * @param  Colum  第几列   Date  那几个灯
  43            * @retval 无
  44            */
  45          void MatrixLED_ShowColumn(unsigned char colum,Date)
  46          {
  47   1              _74HC595_WritByte(Date);
  48   1              P0=~(0x80>>colum);
  49   1              Delay(1);
  50   1              P0=0xFF;
  51   1              
  52   1      }
  53          
  54          
C51 COMPILER V9.54   MATRIXLED                                                             11/21/2025 18:49:42 PAGE 2   



MODULE INFORMATION:   STATIC OVERLAYABLE
   CODE SIZE        =     84    ----
   CONSTANT SIZE    =   ----    ----
   XDATA SIZE       =   ----    ----
   PDATA SIZE       =   ----    ----
   DATA SIZE        =   ----    ----
   IDATA SIZE       =   ----    ----
   BIT SIZE         =   ----    ----
END OF MODULE INFORMATION.


C51 COMPILATION COMPLETE.  0 WARNING(S),  0 ERROR(S)
