C51 COMPILER V9.54   MAIN                                                                  12/22/2025 19:01:24 PAGE 1   


C51 COMPILER V9.54, COMPILATION OF MODULE MAIN
OBJECT MODULE PLACED IN .\Objects\main.obj
COMPILER INVOKED BY: E:\Keil_v5\C51\BIN\C51.EXE main.c OPTIMIZE(8,SPEED) BROWSE DEBUG OBJECTEXTEND PRINT(.\Listings\main
                    -.lst) OBJECT(.\Objects\main.obj)

line level    source

   1          #include <STC89C5xRC.H>
   2          #include "TIMER0.h"
   3          #include "Key.h"
   4          #include "LCD1602.h"
   5          
   6          unsigned char Sec,Min,Hour;
   7          
   8          void main()
   9          {
  10   1              
  11   1              LCD_Init();
  12   1              LCD_ShowString(1,1,"Clock:");
  13   1              LCD_ShowString(2,1,"00:00:00");
  14   1              Timer0_Init();
  15   1              while(1)
  16   1              {
  17   2                      LCD_ShowNum(2,7,Sec,2);
  18   2                      LCD_ShowNum(2,4,Min,2);
  19   2                      LCD_ShowNum(2,1,Hour,2);
  20   2              }
  21   1      
  22   1      }
  23          
  24          
  25          void Timer0_Routine() interrupt 1
  26          {
  27   1              static unsigned count = 0 ;
  28   1              TH0 = 0xFC ;
  29   1              TL0 = 0x17 ;
  30   1              count ++;
  31   1              if(count > 1000)
  32   1              {
  33   2                      count = 0 ;
  34   2                      Sec++;
  35   2                      if(Sec>60)
  36   2                      {
  37   3                              Sec = 0;
  38   3                              Min ++;
  39   3                              if(Min>60)
  40   3                              {
  41   4                                      Min = 0;
  42   4                                      Hour ++;
  43   4                              }
  44   3                      }
  45   2              }
  46   1      }
  47          
  48          
  49          
  50          


MODULE INFORMATION:   STATIC OVERLAYABLE
   CODE SIZE        =    143    ----
C51 COMPILER V9.54   MAIN                                                                  12/22/2025 19:01:24 PAGE 2   

   CONSTANT SIZE    =     16    ----
   XDATA SIZE       =   ----    ----
   PDATA SIZE       =   ----    ----
   DATA SIZE        =      5    ----
   IDATA SIZE       =   ----    ----
   BIT SIZE         =   ----    ----
END OF MODULE INFORMATION.


C51 COMPILATION COMPLETE.  0 WARNING(S),  0 ERROR(S)
