C51 COMPILER V9.54   TIMER0                                                                12/22/2025 18:19:05 PAGE 1   


C51 COMPILER V9.54, COMPILATION OF MODULE TIMER0
OBJECT MODULE PLACED IN .\Objects\Timer0.obj
COMPILER INVOKED BY: E:\Keil_v5\C51\BIN\C51.EXE Timer0.c OPTIMIZE(8,SPEED) BROWSE DEBUG OBJECTEXTEND PRINT(.\Listings\Ti
                    -mer0.lst) OBJECT(.\Objects\Timer0.obj)

line level    source

   1          #include <STC89C5xRC.H>
   2          /**
   3            * @brief  定时器0初始化//1毫秒@12MHz
   4            * @param  无
   5            * @param  
   6            * @retval 无
   7            */
   8          
   9          void Timer0_Init ()
  10          {
  11   1              TMOD = 0x01 ;
  12   1              TF0 = 0 ;
  13   1              TR0 = 1 ;
  14   1              TH0 = 0xFC ;
  15   1              TL0 = 0x17 ;
  16   1              ET0 = 1 ;
  17   1              EA = 1 ;
  18   1      
  19   1              PT0 = 0 ;
  20   1              
  21   1      }


MODULE INFORMATION:   STATIC OVERLAYABLE
   CODE SIZE        =     20    ----
   CONSTANT SIZE    =   ----    ----
   XDATA SIZE       =   ----    ----
   PDATA SIZE       =   ----    ----
   DATA SIZE        =   ----    ----
   IDATA SIZE       =   ----    ----
   BIT SIZE         =   ----    ----
END OF MODULE INFORMATION.


C51 COMPILATION COMPLETE.  0 WARNING(S),  0 ERROR(S)
