C51 COMPILER V9.54   MAIN                                                                  11/18/2025 17:37:49 PAGE 1   


C51 COMPILER V9.54, COMPILATION OF MODULE MAIN
OBJECT MODULE PLACED IN .\Objects\main.obj
COMPILER INVOKED BY: D:\Keil_v5\C51\BIN\C51.EXE main.c OPTIMIZE(8,SPEED) BROWSE DEBUG OBJECTEXTEND PRINT(.\Listings\main
                    -.lst) OBJECT(.\Objects\main.obj)

line level    source

   1          #include <STC89C5xRC.H>
   2          
   3          
   4          unsigned char NixieTable[]={0x3f,0x06,0x5b,0x4f,0x66,0x6d,0x7d,0x07,0x7f,0x6f};//???0?9????????
   5          
   6          void Delay(xms)
   7          {
   8   1              while(xms)
   9   1              {       
  10   2                      unsigned char data i, j;
  11   2      
  12   2                      i = 2;
  13   2                      j = 239;
  14   2                      do
  15   2                      {
  16   3                              while (--j);
  17   3                      } while (--i);
  18   2                      xms--;
  19   2              }
  20   1      }
  21          
  22          
  23          void Nixie(unsigned char Location,Number)
  24          {
  25   1              switch(Location)
  26   1              {
  27   2                      case 7:
  28   2                              P24=0;P23=0;P22=1;break;
  29   2                      case 6:
  30   2                              P24=0;P23=1;P22=0;break;
  31   2                      case 5:
  32   2                              P24=0;P23=1;P22=1;break;                
  33   2                      case 4:
  34   2                              P24=1;P23=0;P22=0;break;
  35   2                      case 3:
  36   2                              P24=1;P23=0;P22=1;break;
  37   2                      case 2:
  38   2                              P24=1;P23=1;P22=0;break;
  39   2                      case 1:
  40   2                              P24=1;P23=1;P22=1;break;
  41   2                      case 8:
  42   2                              P24=0;P23=0;P22=0;break;
  43   2              }
  44   1              P0=NixieTable[Number];
  45   1              Delay(1);
  46   1              P0=0x00;
  47   1      }
  48                  
  49          
  50          
  51          void main()
  52          {
  53   1              
  54   1              while(1)
C51 COMPILER V9.54   MAIN                                                                  11/18/2025 17:37:49 PAGE 2   

  55   1              {
  56   2                      Nixie(1,1);
  57   2                      //Delay(10);
  58   2                      Nixie(2,2);
  59   2                      //Delay(10);
  60   2                      Nixie(3,3);
  61   2                      //Delay(10);
  62   2                      Nixie(3,3);
  63   2                      //Delay(10);
  64   2                      Nixie(4,4);
  65   2                      //Delay(10);
  66   2                      Nixie(5,5);
  67   2                      //Delay(10);
  68   2                      Nixie(6,6);
  69   2                      //Delay(10);
  70   2                      Nixie(7,7);
  71   2                      //Delay(10);
  72   2                      Nixie(8,8);
  73   2                      //Delay(10);
  74   2                      
  75   2              }
  76   1              
  77   1      }


MODULE INFORMATION:   STATIC OVERLAYABLE
   CODE SIZE        =    191    ----
   CONSTANT SIZE    =   ----    ----
   XDATA SIZE       =   ----    ----
   PDATA SIZE       =   ----    ----
   DATA SIZE        =     10       2
   IDATA SIZE       =   ----    ----
   BIT SIZE         =   ----    ----
END OF MODULE INFORMATION.


C51 COMPILATION COMPLETE.  0 WARNING(S),  0 ERROR(S)
