C51 COMPILER V9.54   NIXIE                                                                 11/18/2025 17:56:27 PAGE 1   


C51 COMPILER V9.54, COMPILATION OF MODULE NIXIE
OBJECT MODULE PLACED IN .\Objects\Nixie.obj
COMPILER INVOKED BY: D:\Keil_v5\C51\BIN\C51.EXE Nixie.c OPTIMIZE(8,SPEED) BROWSE DEBUG OBJECTEXTEND PRINT(.\Listings\Nix
                    -ie.lst) OBJECT(.\Objects\Nixie.obj)

line level    source

   1          #include <STC89C5xRC.H>
   2          //定义P0端口
   3          
   4          #include "Delay.H"
   5          //定义delay函数
   6          
   7          unsigned char NixieTable[]={0x3f,0x06,0x5b,0x4f,0x66,0x6d,0x7d,0x07,0x7f,0x6f};
   8          
   9          
  10          void Nixie(unsigned char Location,Number)
  11          {
  12   1              switch(Location)
  13   1              {
  14   2                      case 7:
  15   2                              P24=0;P23=0;P22=1;break;
  16   2                      case 6:
  17   2                              P24=0;P23=1;P22=0;break;
  18   2                      case 5:
  19   2                              P24=0;P23=1;P22=1;break;                
  20   2                      case 4:
  21   2                              P24=1;P23=0;P22=0;break;
  22   2                      case 3:
  23   2                              P24=1;P23=0;P22=1;break;
  24   2                      case 2:
  25   2                              P24=1;P23=1;P22=0;break;
  26   2                      case 1:
  27   2                              P24=1;P23=1;P22=1;break;
  28   2                      case 8:
  29   2                              P24=0;P23=0;P22=0;break;
  30   2              }
  31   1              P0=NixieTable[Number];
  32   1              Delay(1);
  33   1              P0=0x00;
  34   1      }


MODULE INFORMATION:   STATIC OVERLAYABLE
   CODE SIZE        =    109    ----
   CONSTANT SIZE    =   ----    ----
   XDATA SIZE       =   ----    ----
   PDATA SIZE       =   ----    ----
   DATA SIZE        =     10    ----
   IDATA SIZE       =   ----    ----
   BIT SIZE         =   ----    ----
END OF MODULE INFORMATION.


C51 COMPILATION COMPLETE.  0 WARNING(S),  0 ERROR(S)
