C51 COMPILER V9.54   MAIN                                                                  11/21/2025 18:01:46 PAGE 1   


C51 COMPILER V9.54, COMPILATION OF MODULE MAIN
OBJECT MODULE PLACED IN .\Objects\main.obj
COMPILER INVOKED BY: D:\Keil_v5\C51\BIN\C51.EXE main.c OPTIMIZE(8,SPEED) BROWSE DEBUG OBJECTEXTEND PRINT(.\Listings\main
                    -.lst) OBJECT(.\Objects\main.obj)

line level    source

   1          #include <STC89C5xRC.H>
   2          #include "DELAY.h"
   3          sbit RCK=P3^5;
   4          sbit SCK=P3^6;
   5          sbit SEN=P3^4;
   6          
   7          
   8          void _74HC595_WritByte(unsigned char Byte)
   9          {
  10   1              unsigned char i;
  11   1              for(i=0;i<8;i++)
  12   1              {
  13   2                      SEN=Byte&(0x80>>i);
  14   2                      SCK=1;
  15   2                      SCK=0;
  16   2              }
  17   1              RCK=1;
  18   1              RCK=0;
  19   1      }
  20          
  21          void MatrixLED_ShowColumn(unsigned char colum,Date)
  22          {
  23   1              _74HC595_WritByte(Date);
  24   1              P0=~(0x80>>colum);
  25   1              Delay(1);
  26   1              P0=0xFF;
  27   1              
  28   1      }
  29          
  30          void main()
  31          {
  32   1              while(1)
  33   1              {
  34   2                      MatrixLED_ShowColumn(0,0xAA);
  35   2                      MatrixLED_ShowColumn(1,0x55);
  36   2                      MatrixLED_ShowColumn(2,0xAA);
  37   2                      MatrixLED_ShowColumn(3,0x55);
  38   2                      MatrixLED_ShowColumn(4,0x55);
  39   2                      MatrixLED_ShowColumn(5,0x55);
  40   2                      MatrixLED_ShowColumn(6,0x55);
  41   2                      MatrixLED_ShowColumn(7,0x55);
  42   2              }
  43   1      }


MODULE INFORMATION:   STATIC OVERLAYABLE
   CODE SIZE        =    149    ----
   CONSTANT SIZE    =   ----    ----
   XDATA SIZE       =   ----    ----
   PDATA SIZE       =   ----    ----
   DATA SIZE        =   ----    ----
   IDATA SIZE       =   ----    ----
   BIT SIZE         =   ----    ----
END OF MODULE INFORMATION.

C51 COMPILER V9.54   MAIN                                                                  11/21/2025 18:01:46 PAGE 2   


C51 COMPILATION COMPLETE.  0 WARNING(S),  0 ERROR(S)
