C51 COMPILER V9.54   AT24C02                                                               11/23/2025 20:29:08 PAGE 1   


C51 COMPILER V9.54, COMPILATION OF MODULE AT24C02
OBJECT MODULE PLACED IN .\Objects\AT24C02.obj
COMPILER INVOKED BY: D:\Keil_v5\C51\BIN\C51.EXE AT24C02.c OPTIMIZE(8,SPEED) BROWSE DEBUG OBJECTEXTEND PRINT(.\Listings\A
                    -T24C02.lst) OBJECT(.\Objects\AT24C02.obj)

line level    source

   1          #include <STC89C5xRC.H>
   2          #include "I2C.h"
   3          
   4          #define AT24C02_ADRESS    0xA0
   5          
   6          
   7          /**
   8            * @brief  AT24C02写入一个字节
   9            * @param  WordAdress，要写入字节的地址
  10            * @param  Date 要写入的数据
  11            * @retval 无
  12            */
  13          void AT24C02_WriteByte(unsigned char WordAdress,Date)
  14          {
  15   1              I2C_Start();
  16   1              I2C_SendByte(AT24C02_ADRESS);
  17   1              I2C_SeceiveAck();
  18   1              I2C_SendByte(WordAdress);
  19   1              I2C_SeceiveAck();
  20   1              I2C_SendByte(Date);
  21   1              I2C_SeceiveAck();
  22   1              I2C_Stop();
  23   1      }
  24          
  25          
  26          /**
  27            * @brief  AT23C02读取一个字节
  28            * @param  WordAdress，要读出字节的地址
  29            * @retval 读出的数据
  30            */
  31          unsigned char AT24C02_ReadByte(unsigned char WordAdress)
  32          {
  33   1              unsigned char Date;
  34   1              I2C_Start();
  35   1              I2C_SendByte(AT24C02_ADRESS);
  36   1              I2C_SeceiveAck();
  37   1              I2C_SendByte(WordAdress);
  38   1              I2C_SeceiveAck();
  39   1              I2C_Start();
  40   1              I2C_SendByte(AT24C02_ADRESS|0x01);
  41   1              I2C_SeceiveAck();
  42   1              Date=I2C_ReceiveByte();
  43   1              I2C_SendAck(1);
  44   1              I2C_Stop();
  45   1              return Date;
  46   1      }


MODULE INFORMATION:   STATIC OVERLAYABLE
   CODE SIZE        =     84    ----
   CONSTANT SIZE    =   ----    ----
   XDATA SIZE       =   ----    ----
   PDATA SIZE       =   ----    ----
   DATA SIZE        =   ----       5
C51 COMPILER V9.54   AT24C02                                                               11/23/2025 20:29:08 PAGE 2   

   IDATA SIZE       =   ----    ----
   BIT SIZE         =   ----    ----
END OF MODULE INFORMATION.


C51 COMPILATION COMPLETE.  0 WARNING(S),  0 ERROR(S)
