C51 COMPILER V9.54   I2C                                                                   11/23/2025 20:29:08 PAGE 1   


C51 COMPILER V9.54, COMPILATION OF MODULE I2C
OBJECT MODULE PLACED IN .\Objects\I2C.obj
COMPILER INVOKED BY: D:\Keil_v5\C51\BIN\C51.EXE I2C.c OPTIMIZE(8,SPEED) BROWSE DEBUG OBJECTEXTEND PRINT(.\Listings\I2C.l
                    -st) OBJECT(.\Objects\I2C.obj)

line level    source

   1          #include <STC89C5xRC.H>
   2          
   3          sbit I2C_SCL=P2^1;
   4          sbit I2C_SDA=P2^0;
   5          //如果单片机速度很快需要加一个Delay。
   6          
   7          /**
   8            * @brief  I2C开始
   9            * @param  无
  10            * @retval 无
  11            */
  12          void I2C_Start()
  13          {
  14   1              I2C_SDA=1;
  15   1              I2C_SCL=1;
  16   1              I2C_SDA=0;
  17   1              I2C_SCL=0;
  18   1      }
  19          /**
  20            * @brief  I2C停
  21            * @param  无
  22            * @retval 无
  23            */
  24          void I2C_Stop()
  25          {
  26   1              I2C_SDA=0;
  27   1              I2C_SCL=1;
  28   1              I2C_SDA=1;
  29   1              
  30   1      }
  31          /**
  32            * @brief  I2C发送一个字节
  33            * @param  一个字节
  34            * @retval 无
  35            */
  36          void I2C_SendByte(unsigned char Byte)
  37          {
  38   1              unsigned char i;
  39   1              for(i=0;i<8;i++)
  40   1              {
  41   2                      I2C_SDA=Byte&(0x80>>i);
  42   2                      I2C_SCL=1;
  43   2                      I2C_SCL=0;      
  44   2              }       
  45   1      }
  46          /**
  47            * @brief  I2C接收一个字节
  48            * @param  无
  49            * @retval 接收的字节
  50            */
  51          unsigned char I2C_ReceiveByte()
  52          {
  53   1              unsigned char Byte,i;
  54   1              
C51 COMPILER V9.54   I2C                                                                   11/23/2025 20:29:08 PAGE 2   

  55   1              I2C_SDA=1;
  56   1              for(i=0;i<8;i++)
  57   1              {
  58   2                      I2C_SCL=1;
  59   2                      if(I2C_SDA==1){Byte|=(0x80>>i);}
  60   2                      I2C_SCL=0;
  61   2              }
  62   1              
  63   1              return Byte;
  64   1      }
  65          
  66          /**
  67            * @brief  I2C发送应答
  68          * @param AckBit，应答位，0为应答 1为非应答
  69            * @retval 无
  70            */
  71          void I2C_SendAck(unsigned char AckBit)
  72          {
  73   1              I2C_SDA=AckBit;
  74   1              I2C_SCL=1;
  75   1              
  76   1              I2C_SCL=0;
  77   1      }
  78          
  79          /**
  80            * @brief  I2C接收应答
  81            * @param  无
  82            * @retval 无
  83            */
  84          unsigned char I2C_SeceiveAck()
  85          {
  86   1              unsigned char AckBit=0;
  87   1              I2C_SDA=1;
  88   1              I2C_SCL=1;
  89   1              if(I2C_SDA==1){AckBit=1;}
  90   1              I2C_SCL=0;
  91   1              return AckBit;
  92   1      }


MODULE INFORMATION:   STATIC OVERLAYABLE
   CODE SIZE        =    109    ----
   CONSTANT SIZE    =   ----    ----
   XDATA SIZE       =   ----    ----
   PDATA SIZE       =   ----    ----
   DATA SIZE        =   ----    ----
   IDATA SIZE       =   ----    ----
   BIT SIZE         =   ----    ----
END OF MODULE INFORMATION.


C51 COMPILATION COMPLETE.  0 WARNING(S),  0 ERROR(S)
