C51 COMPILER V9.54   KEY                                                                   11/24/2025 12:53:30 PAGE 1   


C51 COMPILER V9.54, COMPILATION OF MODULE KEY
OBJECT MODULE PLACED IN .\Objects\Key.obj
COMPILER INVOKED BY: D:\Keil_v5\C51\BIN\C51.EXE Key.c OPTIMIZE(8,SPEED) BROWSE DEBUG OBJECTEXTEND PRINT(.\Listings\Key.l
                    -st) OBJECT(.\Objects\Key.obj)

line level    source

   1          #include <STC89C5xRC.H>
   2          #include "Delay.h"
   3          
   4          /**
   5            * @brief  获取独立按键键码
   6            * @param  无
   7            * @param  
   8            * @retval 按下按键的键码，范围0-4；无按键按下时返回0；
   9            */
  10          
  11          unsigned char Key()
  12          {
  13   1              unsigned char KeyNumber;
  14   1              if(P31==1){Delay(20);while(1);Delay(20);KeyNumber=1;}
  15   1              if(P30==1){Delay(20);while(1);Delay(20);KeyNumber=2;}
  16   1              if(P32==1){Delay(20);while(1);Delay(20);KeyNumber=3;}
  17   1              if(P33==1){Delay(20);while(1);Delay(20);KeyNumber=4;}
  18   1              return KeyNumber;
  19   1      }


MODULE INFORMATION:   STATIC OVERLAYABLE
   CODE SIZE        =     51    ----
   CONSTANT SIZE    =   ----    ----
   XDATA SIZE       =   ----    ----
   PDATA SIZE       =   ----    ----
   DATA SIZE        =   ----       1
   IDATA SIZE       =   ----    ----
   BIT SIZE         =   ----    ----
END OF MODULE INFORMATION.


C51 COMPILATION COMPLETE.  0 WARNING(S),  0 ERROR(S)
